2025-03-20 13:26:29 - Starting docker-compose down in /root/HELIOS/Console Command Center...
2025-03-20 13:26:29 - Starting docker-compose down in /root/HELIOS/Media Management Center...
 Container radarr  Stopping
 Container prowlarr  Stopping
 Container bazarr  Stopping
 Container sonarr  Stopping
 Container overseerr  Stopping
 Container sabnzbd  Stopping
 Container plexautolanguages  Stopping
 Container portainer  Stopping
 Container flaresolverr  Stopping
 Container watchtower  Stopping
 Container homarr  Stopping
 Container tautulli  Stopping
 Container portaineragent  Stopping
 Container n8n  Stopping
 Container portaineragent  Stopped
 Container portaineragent  Removing
 Container portaineragent  Removed
 Container watchtower  Stopped
 Container watchtower  Removing
 Container watchtower  Removed
 Container flaresolverr  Stopped
 Container flaresolverr  Removing
 Container flaresolverr  Removed
 Container portainer  Stopped
 Container portainer  Removing
 Container n8n  Stopped
 Container n8n  Removing
 Container portainer  Removed
 Container n8n  Removed
 Container plexautolanguages  Stopped
 Container plexautolanguages  Removing
 Container plexautolanguages  Removed
 Container bazarr  Stopped
 Container bazarr  Removing
 Container bazarr  Removed
 Container overseerr  Stopped
 Container overseerr  Removing
 Container overseerr  Removed
 Container sonarr  Stopped
 Container sonarr  Removing
 Container radarr  Stopped
 Container radarr  Removing
 Container sonarr  Removed
 Container radarr  Removed
 Container tautulli  Stopped
 Container tautulli  Removing
 Container tautulli  Removed
 Container prowlarr  Stopped
 Container prowlarr  Removing
 Container sabnzbd  Stopped
 Container sabnzbd  Removing
 Container prowlarr  Removed
 Container sabnzbd  Removed
 Network mediamanagementcenter_default  Removing
 Network mediamanagementcenter_default  Removed
2025-03-20 13:26:33 - docker-compose down finished successfully in /root/HELIOS/Media Management Center
 Container homarr  Stopped
 Container homarr  Removing
 Container homarr  Removed
 Network consolecommandcenter_agent_network  Removing
 Network consolecommandcenter_default  Removing
 Network consolecommandcenter_default  Removed
 Network consolecommandcenter_agent_network  Removed
2025-03-20 13:26:40 - docker-compose down finished successfully in /root/HELIOS/Console Command Center
2025-03-20 13:26:40 - All docker-compose services have been stopped and cleaned up.
