2025-01-22 22:56:04 - Starting the Docker restart process...
2025-01-22 22:56:04 - Checking Docker service status...
2025-01-22 22:56:04 - Docker is active.
2025-01-22 22:56:04 - Restarting Docker service...
2025-01-22 22:56:17 - Navigating to /root/HELIOS/Console Command Center...
2025-01-22 22:56:17 - Running docker compose up in detached mode...
2025-01-22 22:56:17 - Checking Docker Compose services status in /root/HELIOS/Console Command Center...
NAME             IMAGE                                      COMMAND                  SERVICE         CREATED       STATUS                                     PORTS
flaresolverr     ghcr.io/flaresolverr/flaresolverr:latest   "/usr/bin/dumb-init …"   flaresolverr    4 hours ago   Up 1 second                                0.0.0.0:8191->8191/tcp, :::8191->8191/tcp, 8192/tcp
homarr           ghcr.io/ajnart/homarr:latest               "sh ./scripts/run.sh"    homarr          4 hours ago   Up Less than a second (health: starting)   0.0.0.0:7575->7575/tcp, :::7575->7575/tcp
homeassistant    lscr.io/linuxserver/homeassistant:latest   "/init"                  homeassistant   4 hours ago   Up Less than a second                      
portainer        portainer/portainer-ce:latest              "/portainer -H tcp:/…"   portainer       4 hours ago   Up Less than a second                      0.0.0.0:8000->8000/tcp, :::8000->8000/tcp, 0.0.0.0:9443->9443/tcp, :::9443->9443/tcp, 9000/tcp
portaineragent   portainer/agent:latest                     "./agent"                agent           4 hours ago   Up Less than a second                      
tautulli         lscr.io/linuxserver/tautulli:latest        "/init"                  tautulli        4 hours ago   Up Less than a second                      0.0.0.0:8181->8181/tcp, :::8181->8181/tcp
watchtower       containrrr/watchtower:latest               "/watchtower --inter…"   watchtower      4 hours ago   Up Less than a second (health: starting)   8080/tcp
2025-01-22 22:56:17 - Navigating to /root/HELIOS/Media Management Center...
2025-01-22 22:56:17 - Running docker compose up in detached mode...
2025-01-22 22:56:28 - Checking Docker Compose services status in /root/HELIOS/Media Management Center...
NAME                IMAGE                                  COMMAND                  SERVICE             CREATED          STATUS                             PORTS
bazarr              lscr.io/linuxserver/bazarr:latest      "/init"                  bazarr              4 hours ago      Up 11 seconds                      
overseerr           lscr.io/linuxserver/overseerr:latest   "/init"                  overseerr           4 hours ago      Up 11 seconds                      
plexautolanguages   remirigal/plex-auto-languages:latest   "/sbin/tini -s pytho…"   plexautolanguages   4 hours ago      Up 11 seconds (health: starting)   
prowlarr            lscr.io/linuxserver/prowlarr:latest    "/init"                  prowlarr            4 hours ago      Up 11 seconds                      
radarr              lscr.io/linuxserver/radarr:latest      "/init"                  radarr              4 hours ago      Up 11 seconds                      
sabnzbd             lscr.io/linuxserver/sabnzbd:latest     "/init"                  sabnzbd             11 seconds ago   Up Less than a second              
sonarr              lscr.io/linuxserver/sonarr:latest      "/init"                  sonarr              4 hours ago      Up 11 seconds                      
2025-01-22 22:56:28 - Docker restart process completed! Log file is located at /root/HELIOS/script_logs/restart-docker.log
